<?xml version="1.0" encoding="UTF-8"?>
<testsuites>
  <testsuite name="comp-04" timestamp="2025-11-20T08:39:04Z" hostname="d43725dce246" tests="14" skipped="0" failures="1" errors="0" time="20.435">
    <testcase time="12.374" classname="comp_04" name="PairwiseDESeq2_plots_are_generated_correctly"/>
    <testcase time="0.304" classname="comp_04" name="PairwiseDESeq2_plots_are_generated_correctly"/>
    <testcase time="0.233000000000001" classname="comp_04" name="PairwiseDESeq2_plots_are_generated_correctly"/>
    <testcase time="0.342000000000001" classname="comp_04" name="PairwiseDESeq2_plots_are_generated_correctly"/>
    <testcase time="5.329" classname="comp_04" name="PairwiseDESeq2_plots_are_generated_correctly"/>
    <testcase time="0.0199999999999996" classname="comp_04" name="Top_gene_selection_and_plotting_works_correctly"/>
    <testcase time="0.00100000000000122" classname="comp_04" name="Top_gene_selection_and_plotting_works_correctly"/>
    <testcase time="0.146000000000001" classname="comp_04" name="Top_gene_selection_and_plotting_works_correctly"/>
    <testcase time="0.433999999999997" classname="comp_04" name="Top_gene_selection_and_plotting_works_correctly">
      <failure type="failure" message="Snapshot of `testcase` to 'comp-04/ma-plot-with-top-10-selected.svg' has changed ('test-comp-04.R:70:3')">Snapshot of `testcase` to 'comp-04/ma-plot-with-top-10-selected.svg' has changed
Run `testthat::snapshot_review('comp-04/')` to review changes
Backtrace:
    x
 1. \-vdiffr::expect_doppelganger("MA Plot with Top 10 Selected", p_ma_selected) at test-comp-04.R:70:3
 2.   +-base::withCallingHandlers(...)
 3.   \-testthat::expect_snapshot_file(...)</failure>
    </testcase>
    <testcase time="0.122" classname="comp_04" name="Top_gene_selection_and_plotting_works_correctly"/>
    <testcase time="0.136000000000003" classname="comp_04" name="Top_gene_selection_and_plotting_works_correctly"/>
    <testcase time="0.297999999999998" classname="comp_04" name="Top_gene_selection_and_plotting_works_correctly"/>
    <testcase time="0.693999999999999" classname="comp_04" name="DESeq2_results_are_consistent_with_simulated_truth"/>
    <testcase time="0.00199999999999889" classname="comp_04" name="DESeq2_results_are_consistent_with_simulated_truth"/>
  </testsuite>
  <testsuite name="exprdata-01" timestamp="2025-11-20T08:39:12Z" hostname="d43725dce246" tests="12" skipped="0" failures="0" errors="0" time="0.22">
    <testcase time="0.131" classname="exprdata_01" name="loading_tx_data_from_test"/>
    <testcase time="0.00200000000000244" classname="exprdata_01" name="loading_tx_data_from_test"/>
    <testcase time="0.000999999999997669" classname="exprdata_01" name="loading_tx_data_from_test"/>
    <testcase time="0.0400000000000027" classname="exprdata_01" name="normalization_at_tx_level"/>
    <testcase time="0.000999999999997669" classname="exprdata_01" name="normalization_at_tx_level"/>
    <testcase time="0.00400000000000134" classname="exprdata_01" name="normalization_at_tx_level"/>
    <testcase time="0.000999999999997669" classname="exprdata_01" name="normalization_at_tx_level"/>
    <testcase time="0.00200000000000244" classname="exprdata_01" name="normalization_at_tx_level"/>
    <testcase time="0.00199999999999889" classname="exprdata_01" name="normalization_at_tx_level"/>
    <testcase time="0.00400000000000134" classname="exprdata_01" name="normalization_at_tx_level"/>
    <testcase time="0.0269999999999975" classname="exprdata_01" name="summarisation"/>
    <testcase time="0.00500000000000256" classname="exprdata_01" name="summarisation"/>
  </testsuite>
  <testsuite name="exprdata-02" timestamp="2025-11-20T08:39:12Z" hostname="d43725dce246" tests="31" skipped="0" failures="0" errors="0" time="0.745">
    <testcase time="0.190999999999999" classname="exprdata_02" name="show_etags_summary_works_with_different_parameters"/>
    <testcase time="0.00199999999999889" classname="exprdata_02" name="show_etags_summary_works_with_different_parameters"/>
    <testcase time="0.00100000000000122" classname="exprdata_02" name="show_etags_summary_works_with_different_parameters"/>
    <testcase time="0.00199999999999889" classname="exprdata_02" name="show_etags_summary_works_with_different_parameters"/>
    <testcase time="0.00200000000000244" classname="exprdata_02" name="show_etags_summary_works_with_different_parameters"/>
    <testcase time="0.000999999999997669" classname="exprdata_02" name="show_etags_summary_works_with_different_parameters"/>
    <testcase time="0.00200000000000244" classname="exprdata_02" name="show_etags_summary_works_with_different_parameters"/>
    <testcase time="0.000999999999997669" classname="exprdata_02" name="show_etags_summary_works_with_different_parameters"/>
    <testcase time="0.00200000000000244" classname="exprdata_02" name="show_etags_summary_works_with_different_parameters"/>
    <testcase time="0.00199999999999889" classname="exprdata_02" name="show_etags_summary_works_with_different_parameters"/>
    <testcase time="0.000999999999997669" classname="exprdata_02" name="show_etags_summary_works_with_different_parameters"/>
    <testcase time="0.0200000000000031" classname="exprdata_02" name="gene_level_show_etags_summary_works"/>
    <testcase time="0.00199999999999889" classname="exprdata_02" name="gene_level_show_etags_summary_works"/>
    <testcase time="0.00100000000000122" classname="exprdata_02" name="gene_level_show_etags_summary_works"/>
    <testcase time="0.00199999999999889" classname="exprdata_02" name="gene_level_show_etags_summary_works"/>
    <testcase time="0.00400000000000134" classname="exprdata_02" name="summary_values_are_ok"/>
    <testcase time="0.000999999999997669" classname="exprdata_02" name="summary_values_are_ok"/>
    <testcase time="0.00199999999999889" classname="exprdata_02" name="summary_values_are_ok"/>
    <testcase time="0.00100000000000122" classname="exprdata_02" name="summary_values_are_ok"/>
    <testcase time="0.00199999999999889" classname="exprdata_02" name="summary_values_are_ok"/>
    <testcase time="0.00200000000000244" classname="exprdata_02" name="summary_values_are_ok"/>
    <testcase time="0.000999999999997669" classname="exprdata_02" name="summary_values_are_ok"/>
    <testcase time="0.00200000000000244" classname="exprdata_02" name="summary_values_are_ok"/>
    <testcase time="0.00199999999999889" classname="exprdata_02" name="summary_values_are_ok"/>
    <testcase time="0.00100000000000122" classname="exprdata_02" name="summary_values_are_ok"/>
    <testcase time="0.00199999999999889" classname="exprdata_02" name="summary_values_are_ok"/>
    <testcase time="0.00100000000000122" classname="exprdata_02" name="summary_values_are_ok"/>
    <testcase time="0.00100000000000122" classname="exprdata_02" name="summary_values_are_ok"/>
    <testcase time="0.202999999999999" classname="exprdata_02" name="summary_plots_are_ok"/>
    <testcase time="0.145" classname="exprdata_02" name="summary_plots_are_ok"/>
    <testcase time="0.143000000000001" classname="exprdata_02" name="summary_plots_are_ok"/>
  </testsuite>
  <testsuite name="exprdata-03" timestamp="2025-11-20T08:39:13Z" hostname="d43725dce246" tests="16" skipped="0" failures="0" errors="0" time="0.505">
    <testcase time="0.337999999999997" classname="exprdata_03" name="Inter_norm_with_norm_scale_design_works"/>
    <testcase time="0.0160000000000018" classname="exprdata_03" name="Inter_norm_with_norm_scale_design_works"/>
    <testcase time="0.0199999999999996" classname="exprdata_03" name="Inter_norm_with_norm_scale_batch_works"/>
    <testcase time="0.00400000000000134" classname="exprdata_03" name="Inter_norm_with_norm_scale_batch_works"/>
    <testcase time="0.0339999999999989" classname="exprdata_03" name="Inter_norm_with_norm_scale_group_works"/>
    <testcase time="0.00799999999999912" classname="exprdata_03" name="Inter_norm_with_norm_scale_group_works"/>
    <testcase time="0.0169999999999995" classname="exprdata_03" name="Rescaling_of_inter_normalization_factors_works"/>
    <testcase time="0.00200000000000244" classname="exprdata_03" name="Rescaling_of_inter_normalization_factors_works"/>
    <testcase time="0.0159999999999982" classname="exprdata_03" name="Rescaling_of_inter_normalization_factors_works"/>
    <testcase time="0.00200000000000244" classname="exprdata_03" name="Rescaling_of_inter_normalization_factors_works"/>
    <testcase time="0.00499999999999901" classname="exprdata_03" name="Inter_normalization_error_handling_works"/>
    <testcase time="0.00300000000000011" classname="exprdata_03" name="Inter_normalization_error_handling_works"/>
    <testcase time="0.00600000000000023" classname="exprdata_03" name="Inter_normalization_error_handling_works"/>
    <testcase time="0.0160000000000018" classname="exprdata_03" name="Inter_normalization_error_handling_works"/>
    <testcase time="0.00199999999999889" classname="exprdata_03" name="Inter_normalization_error_handling_works"/>
    <testcase time="0.0160000000000018" classname="exprdata_03" name="Inter_normalization_error_handling_works"/>
  </testsuite>
  <testsuite name="exprdata-04" timestamp="2025-11-20T08:39:15Z" hostname="d43725dce246" tests="9" skipped="0" failures="0" errors="0" time="11.198">
    <testcase time="1.912" classname="exprdata_04" name="ExprData_plot_dist_per_sample_works_correctly"/>
    <testcase time="0.367999999999999" classname="exprdata_04" name="ExprData_plot_dist_per_sample_works_correctly"/>
    <testcase time="0.179000000000002" classname="exprdata_04" name="ExprData_complex_plots_work_correctly"/>
    <testcase time="0.247999999999998" classname="exprdata_04" name="ExprData_complex_plots_work_correctly"/>
    <testcase time="0.485000000000003" classname="exprdata_04" name="ExprData_complex_plots_work_correctly"/>
    <testcase time="2.763" classname="exprdata_04" name="ExprData_complex_plots_work_correctly"/>
    <testcase time="4.562" classname="exprdata_04" name="ExprData_complex_plots_work_correctly"/>
    <testcase time="0.477000000000004" classname="exprdata_04" name="ExprData_complex_plots_work_correctly"/>
    <testcase time="0.204000000000001" classname="exprdata_04" name="ExprData_complex_plots_work_correctly"/>
  </testsuite>
  <testsuite name="integration-annotation-https" timestamp="2025-11-20T08:39:25Z" hostname="d43725dce246" tests="1" skipped="1" failures="0" errors="0" time="12.295">
    <testcase time="12.295" classname="integration_annotation_https" name="Annotation_object_can_be_initialized_from_a_live_NCBI_GFF_URL">
      <skipped message="Reason: offline ('test-integration-annotation-https.R:6:3')"/>
    </testcase>
  </testsuite>
  <testsuite name="unit-annotation-class" timestamp="2025-11-20T08:39:37Z" hostname="d43725dce246" tests="6" skipped="0" failures="4" errors="1" time="12.772">
    <testcase time="12.455" classname="unit_annotation_class" name="Annotation_object_can_be_initialized_from_a_local_GFF_file"/>
    <testcase time="0.0069999999999979" classname="unit_annotation_class" name="Annotation_object_can_be_initialized_from_a_local_GFF_file">
      <failure type="failure" message="Expected `{ ... }` to run without any errors. ('test-unit-annotation-class.R:8:5')">Expected `{ ... }` to run without any errors.
i Actually got a &lt;simpleError&gt; with text:
  cannot open URL 'https://www.ebi.ac.uk/ena/portal/api/search?result=taxon&amp;query=tax_id%3D12345&amp;fields=scientific_name,tax_id&amp;format=tsv'</failure>
    </testcase>
    <testcase time="0.189" classname="unit_annotation_class" name="Annotation_object_can_be_initialized_from_a_local_GFF_file">
      <failure type="failure" message="is.null(annotation_obj) is not FALSE ('test-unit-annotation-class.R:11:3')">is.null(annotation_obj) is not FALSE

`actual`:   TRUE 
`expected`: FALSE
Annotation object is NULL after initialization.</failure>
    </testcase>
    <testcase time="0.046999999999997" classname="unit_annotation_class" name="Annotation_object_can_be_initialized_from_a_local_GFF_file">
      <failure type="failure" message="R6::is.R6(annotation_obj) is not TRUE ('test-unit-annotation-class.R:15:3')">R6::is.R6(annotation_obj) is not TRUE

`actual`:   FALSE
`expected`: TRUE 
Object is not an R6 object.</failure>
    </testcase>
    <testcase time="0.044000000000004" classname="unit_annotation_class" name="Annotation_object_can_be_initialized_from_a_local_GFF_file">
      <failure type="failure" message="inherits(annotation_obj, &quot;Annotation&quot;) is not TRUE ('test-unit-annotation-class.R:19:3')">inherits(annotation_obj, "Annotation") is not TRUE

`actual`:   FALSE
`expected`: TRUE 
Object does not inherit from Annotation.</failure>
    </testcase>
    <testcase time="0.0300000000000011" classname="unit_annotation_class" name="Annotation_object_can_be_initialized_from_a_local_GFF_file">
      <error type="error" message="Error in `eval(code, test_env)`: attempt to apply non-function ('test-unit-annotation-class.R:25:3')">Error in `eval(code, test_env)`: attempt to apply non-function</error>
    </testcase>
  </testsuite>
</testsuites>
